
ROM used: 233 (3%)
          233 (3%) including unused fragments

          0 Average locations per line
          4 Average locations per statement

RAM used: 14 (4%) at main() level
          18 (5%) worst case

Stack used: 4 worst case (out of 7 total available)

Lines Stmts  %   Files
----- ----- ---  -----
  163    60 100  main.c
  330     0   0  C:\Program Files (x86)\PICC\devices\16F877A.h
----- -----
  493    60 Total

Page ROM  %  RAM   Vol Diff  Functions:
---- --- --- ---   --- ----  ----------
0     15   6   1             @delay_us1
0     19   8   1   138  3.0  timer_irq
0     53  23   1   285  3.2  MAIN
0     53  23   1   859  3.4  RC5
0     23  10   1    72  1.2  LED_1
0     23  10   1    72  1.2  LED_0

Program metrics:
    Functions               5
    Statements              60
    Comments                106
    Volume (V)              1943
    Difficilty (D)          12.2
    Effort to implement (E) 23765
    Time to implement (T)   22 minutes
    Est Delivered Bugs (B)  0
    Cyclomatic Complexity   10
    Maintainability (MI)    137

 Segment     Used  Free
-----------  ----  ----
00000-00003     4  0  
00004-0002E    43  0  
0002F-007FF   186  1815  
00800-00FFF     0  2048  
01000-017FF     0  2048  
01800-01EFF     0  1792  



